<?xml version="1.0" encoding="UTF-8"?>
<!-- Generated by org.testng.reporters.JUnitReportReporter -->
<testsuite hostname="brt03" failures="0" tests="1" name="Test.HomePageTest" time="6.987" errors="0" timestamp="2022-11-04T11:37:28 IST" skipped="0">
  <testcase classname="Test.HomePageTest" name="clickbutton" time="6.987"/>
  <system-out/>
</testsuite> <!-- Test.HomePageTest -->
