<?xml version="1.0" encoding="UTF-8"?>
<!-- Generated by org.testng.reporters.JUnitReportReporter -->
<testsuite hostname="brt03" failures="0" tests="1" name="Test.SwagLabLoginTest" time="7.732" errors="0" timestamp="2022-11-06T18:47:24 IST" skipped="0">
  <testcase classname="Test.SwagLabLoginTest" name="SwagLabHome" time="7.732"/>
  <system-out/>
</testsuite> <!-- Test.SwagLabLoginTest -->
